[1m
[2026-07-10T11:49:58.831855891] [1mRunning DSP TCK v2025.1[0m
[0m

[2026-07-10T11:49:59.771568888] Started: TP_C:02-01: Verify transfer request, provider started, consumer terminated
[2026-07-10T11:49:59.798243981] FAILED: TP_C:02-01


[2026-07-10T11:49:59.798961186] Started: TP_C:02-02: Verify transfer request, provider started, consumer completed
[2026-07-10T11:49:59.800639554] FAILED: TP_C:02-02


[2026-07-10T11:49:59.801123209] Started: TP_C:02-03: Verify transfer request, provider started, consumer suspended, consumer terminated
[2026-07-10T11:49:59.802836986] FAILED: TP_C:02-03


[2026-07-10T11:49:59.806983982] Started: TP_C:02-05: Verify transfer request, consumer terminated
[2026-07-10T11:49:59.808642026] FAILED: TP_C:02-05


[2026-07-10T11:49:59.810814595] Started: CN_C:01-01: Verify contract request, offer received, consumer accepted, provider agreed, consumer verified, provider finalized
[2026-07-10T11:49:59.812660723] FAILED: CN_C:01-01


[2026-07-10T11:49:59.813180974] Started: CN_C:01-02: Verify contract request, offer received, consumer counter-offer, provider terminated
[2026-07-10T11:49:59.814341745] FAILED: CN_C:01-02


[2026-07-10T11:49:59.814772249] Started: CN_C:01-03: Verify contract request, offer received, consumer terminated
[2026-07-10T11:49:59.815776714] FAILED: CN_C:01-03


[2026-07-10T11:49:59.816203796] Started: CN_C:01-04: Verify contract request, provider agreement, consumer verified, provider finalized
[2026-07-10T11:49:59.817475476] FAILED: CN_C:01-04


[2026-07-10T11:49:59.818942852] Started: CN:02-01: Verify contract request, provider terminated
[2026-07-10T11:49:59.821289815] FAILED: CN:02-01


[2026-07-10T11:49:59.82176858] Started: CN:02-02: Verify contract request, consumer terminated
[2026-07-10T11:49:59.822754537] FAILED: CN:02-02


[2026-07-10T11:49:59.823234071] Started: CN:02-03: Verify contract request, provider agreement, consumer terminated
[2026-07-10T11:49:59.824452111] FAILED: CN:02-03


[2026-07-10T11:49:59.824963633] Started: CN:02-04: Verify contract request, offer received, consumer terminated
[2026-07-10T11:49:59.825878839] FAILED: CN:02-04


[2026-07-10T11:49:59.82630683] Started: CN:02-05: Verify contract request, offer received, provider terminated
[2026-07-10T11:49:59.827224411] FAILED: CN:02-05


[2026-07-10T11:49:59.827603443] Started: CN:02-06: Verify contract request, offer received, consumer accepted, provider terminated
[2026-07-10T11:49:59.828464033] FAILED: CN:02-06


[2026-07-10T11:49:59.828847325] Started: CN:02-07: Verify contract request, provider agreement, consumer verified, provider terminated
[2026-07-10T11:49:59.829738786] FAILED: CN:02-07


[2026-07-10T11:49:59.831005716] Started: CN:01-01: Verify contract request, offer received, consumer terminated
[2026-07-10T11:49:59.832026872] FAILED: CN:01-01


[2026-07-10T11:49:59.832532108] Started: CN:01-02: Verify contract request, offer received, consumer counter-offer, provider terminated
[2026-07-10T11:49:59.833370139] FAILED: CN:01-02


[2026-07-10T11:49:59.834078754] Started: CN:01-03: Verify contract request, offer received, consumer accepted, provider agreement, consumer verified, provider finalized
[2026-07-10T11:49:59.835251887] FAILED: CN:01-03


[2026-07-10T11:49:59.835775211] Started: CN:01-04: Verify contract request, provider agreement, consumer verified, provider finalized
[2026-07-10T11:49:59.836983753] FAILED: CN:01-04


[2026-07-10T11:49:59.8381154] Started: TP_C:01-01: Verify transfer request, provider started, provider terminated
[2026-07-10T11:49:59.839324012] FAILED: TP_C:01-01


[2026-07-10T11:49:59.839854879] Started: TP_C:01-02: Verify transfer request, provider started, provider completed
[2026-07-10T11:49:59.840921084] FAILED: TP_C:01-02


[2026-07-10T11:49:59.841335386] Started: TP_C:01-03: Verify transfer request, provider started, provider suspended, provider terminated
[2026-07-10T11:49:59.842150649] FAILED: TP_C:01-03


[2026-07-10T11:49:59.842614678] Started: TP_C:01-04: Verify transfer request, provider started, provider suspended, provider started, provider completed
[2026-07-10T11:49:59.843582824] FAILED: TP_C:01-04


[2026-07-10T11:49:59.843985951] Started: TP_C:01-05: Verify transfer request, provider terminated
[2026-07-10T11:49:59.844822586] FAILED: TP_C:01-05


[2026-07-10T11:49:59.845957166] Started: CN_C:03-01: Verify contract request, invalid provider finalized
[2026-07-10T11:49:59.846915535] FAILED: CN_C:03-01


[2026-07-10T11:49:59.847325716] Started: CN_C:03-02: Verify contract request, offer received, invalid provider agreed
[2026-07-10T11:49:59.848451495] FAILED: CN_C:03-02


[2026-07-10T11:49:59.848930959] Started: CN_C:03-03: Verify contract request, offer received, invalid provider finalized
[2026-07-10T11:49:59.849747899] FAILED: CN_C:03-03


[2026-07-10T11:49:59.850061977] Started: CN_C:03-04: Verify contract request, offer received, consumer accepted, invalid provider finalized
[2026-07-10T11:49:59.850866555] FAILED: CN_C:03-04


[2026-07-10T11:49:59.851232945] Started: CN_C:03-05: Verify contract request, offer received, consumer accepted, invalid provider offer
[2026-07-10T11:49:59.852151434] FAILED: CN_C:03-05


[2026-07-10T11:49:59.852535703] Started: CN_C:03-06: Verify contract request, offer received, consumer accepted, provider agreed, invalid provider finalized
[2026-07-10T11:49:59.853842094] FAILED: CN_C:03-06


[2026-07-10T11:49:59.854898102] Started: TP:02-01: Verify transfer request, provider started, consumer terminated
[2026-07-10T11:49:59.856691429] FAILED: TP:02-01


[2026-07-10T11:49:59.857059705] Started: TP:02-02: Verify transfer request, provider started, consumer completed
[2026-07-10T11:49:59.857941458] FAILED: TP:02-02


[2026-07-10T11:49:59.858281028] Started: TP:02-03: Verify transfer request, provider started, consumer suspended, consumer terminated
[2026-07-10T11:49:59.85907499] FAILED: TP:02-03


[2026-07-10T11:49:59.859722493] Started: TP:02-05: Verify transfer request, consumer terminated
[2026-07-10T11:49:59.860460791] FAILED: TP:02-05


[2026-07-10T11:49:59.861456176] Started: TP:01-01: Verify transfer request, provider started, provider terminated
[2026-07-10T11:49:59.862172613] FAILED: TP:01-01


[2026-07-10T11:49:59.862549968] Started: TP:01-02: Verify transfer request, provider started, provider completed
[2026-07-10T11:49:59.863275065] FAILED: TP:01-02


[2026-07-10T11:49:59.863522096] Started: TP:01-03: Verify transfer request, provider started, provider suspended, provider terminated
[2026-07-10T11:49:59.864177002] FAILED: TP:01-03


[2026-07-10T11:49:59.864453157] Started: TP:01-04: Verify transfer request, provider started, provider suspended, provider started, provider completed
[2026-07-10T11:49:59.865172946] FAILED: TP:01-04


[2026-07-10T11:49:59.865554562] Started: TP:01-05: Verify transfer request, provider terminated
[2026-07-10T11:49:59.866303754] FAILED: TP:01-05


[2026-07-10T11:49:59.867127049] Started: TP_C:03-01: Verify transfer request, provider completed
[2026-07-10T11:49:59.867907671] FAILED: TP_C:03-01


[2026-07-10T11:49:59.868174816] Started: TP_C:03-02: Verify transfer request, provider suspended
[2026-07-10T11:49:59.868805417] FAILED: TP_C:03-02


[2026-07-10T11:49:59.869028981] Started: TP_C:03-03: Verify transfer request, provider started, provider suspended, provider completed
[2026-07-10T11:49:59.869614465] FAILED: TP_C:03-03


[2026-07-10T11:49:59.869864219] Started: TP_C:03-04: Verify transfer request, provider started, provider terminated, provider started
[2026-07-10T11:49:59.870722016] FAILED: TP_C:03-04


[2026-07-10T11:49:59.871006132] Started: TP_C:03-05: Verify transfer request, provider started, provider terminated, provider suspended
[2026-07-10T11:49:59.871694004] FAILED: TP_C:03-05


[2026-07-10T11:49:59.871960101] Started: TP_C:03-06: Verify transfer request, provider started, provider terminated, provider completed
[2026-07-10T11:49:59.872713624] FAILED: TP_C:03-06


[2026-07-10T11:49:59.873783949] Started: CN_C:02-01: Verify contract request, provider terminated
[2026-07-10T11:49:59.874645518] FAILED: CN_C:02-01


[2026-07-10T11:49:59.874919298] Started: CN_C:02-02: Verify contract request, consumer terminated
[2026-07-10T11:49:59.875725761] FAILED: CN_C:02-02


[2026-07-10T11:49:59.87596874] Started: CN_C:02-03: Verify contract request, provider agreement, consumer terminated
[2026-07-10T11:49:59.876672536] FAILED: CN_C:02-03


[2026-07-10T11:49:59.876955325] Started: CN_C:02-04: Verify contract request, offer received, provider terminated
[2026-07-10T11:49:59.877587882] FAILED: CN_C:02-04


[2026-07-10T11:49:59.877846507] Started: CN_C:02-05: Verify contract request, offer received, consumer accepted, provider terminated
[2026-07-10T11:49:59.878436739] FAILED: CN_C:02-05


[2026-07-10T11:49:59.878746977] Started: CN_C:02-06: Verify contract request, provider agreement, consumer verified, provider terminated
[2026-07-10T11:49:59.879407401] FAILED: CN_C:02-06


[2026-07-10T11:49:59.880393357] Started: MET:01-01: Verify metadata request
[2026-07-10T11:50:00.119543927] FAILED: MET:01-01


[2026-07-10T11:50:00.120801637] Started: CN:03-01: Verify contract request, provider agreement, consumer verified, provider finalized, invalid consumer terminated
[2026-07-10T11:50:00.121837601] FAILED: CN:03-01


[2026-07-10T11:50:00.122215375] Started: CN:03-02: Verify contract request, offer received, invalid consumer verified
[2026-07-10T11:50:00.123340875] FAILED: CN:03-02


[2026-07-10T11:50:00.123782555] Started: CN:03-03: Verify contract request, offer received, consumer accepted, illegal consumer verified
[2026-07-10T11:50:00.124595164] FAILED: CN:03-03


[2026-07-10T11:50:00.124927052] Started: CN:03-04: Verify contract request, offer received, consumer counter-offer (x2), provider terminated
[2026-07-10T11:50:00.125689166] FAILED: CN:03-04


[2026-07-10T11:50:00.127586418] Started: CAT:01-01: Verify catalog request
[2026-07-10T11:50:00.456302025] Received catalog request response
[2026-07-10T11:50:00.547121071] SUCCESSFUL: CAT:01-01


[2026-07-10T11:50:00.547693145] Started: CAT:01-02: Verify dataset request
[2026-07-10T11:50:00.550603522] Received dataset request response
[2026-07-10T11:50:00.556893893] SUCCESSFUL: CAT:01-02


[2026-07-10T11:50:00.55738069] Started: CAT:01-03: Verify dataset request not found
[2026-07-10T11:50:00.560183231] Received dataset request response
[2026-07-10T11:50:00.564285458] SUCCESSFUL: CAT:01-03

[2026-07-10T11:50:00.565950906] Passed tests: 3
[2026-07-10T11:50:00.566134031] Failed tests: 56
[31m
[2026-07-10T11:50:00.566239562] Failures:
[2026-07-10T11:50:00.566829865] 
   ■ org.eclipse.dataspacetck.dsp.verification.tp.TransferProcessConsumer02Test.tp_c_02_01

[2026-07-10T11:50:00.56720715]      [TP_C:02-01: Verify transfer request, provider started, consumer terminated]
[2026-07-10T11:50:00.567417164]      null

[2026-07-10T11:50:00.567619496] 
   ■ org.eclipse.dataspacetck.dsp.verification.tp.TransferProcessConsumer02Test.tp_c_02_02

[2026-07-10T11:50:00.567697649]      [TP_C:02-02: Verify transfer request, provider started, consumer completed]
[2026-07-10T11:50:00.567757713]      null

[2026-07-10T11:50:00.567820151] 
   ■ org.eclipse.dataspacetck.dsp.verification.tp.TransferProcessConsumer02Test.tp_c_02_03

[2026-07-10T11:50:00.567876863]      [TP_C:02-03: Verify transfer request, provider started, consumer suspended, consumer terminated]
[2026-07-10T11:50:00.567913111]      null

[2026-07-10T11:50:00.567954038] 
   ■ org.eclipse.dataspacetck.dsp.verification.tp.TransferProcessConsumer02Test.tp_c_02_05

[2026-07-10T11:50:00.56799273]      [TP_C:02-05: Verify transfer request, consumer terminated]
[2026-07-10T11:50:00.568021784]      null

[2026-07-10T11:50:00.56806341] 
   ■ org.eclipse.dataspacetck.dsp.verification.cn.ContractNegotiationConsumer01Test.cn_c_01_01

[2026-07-10T11:50:00.568160281]      [CN_C:01-01: Verify contract request, offer received, consumer accepted, provider agreed, consumer verified, provider finalized]
[2026-07-10T11:50:00.56821357]      null

[2026-07-10T11:50:00.568294237] 
   ■ org.eclipse.dataspacetck.dsp.verification.cn.ContractNegotiationConsumer01Test.cn_c_01_02

[2026-07-10T11:50:00.568363241]      [CN_C:01-02: Verify contract request, offer received, consumer counter-offer, provider terminated]
[2026-07-10T11:50:00.568415552]      null

[2026-07-10T11:50:00.56846975] 
   ■ org.eclipse.dataspacetck.dsp.verification.cn.ContractNegotiationConsumer01Test.cn_c_01_03

[2026-07-10T11:50:00.568524645]      [CN_C:01-03: Verify contract request, offer received, consumer terminated]
[2026-07-10T11:50:00.568570531]      null

[2026-07-10T11:50:00.568621865] 
   ■ org.eclipse.dataspacetck.dsp.verification.cn.ContractNegotiationConsumer01Test.cn_c_01_04

[2026-07-10T11:50:00.56867271]      [CN_C:01-04: Verify contract request, provider agreement, consumer verified, provider finalized]
[2026-07-10T11:50:00.568716012]      null

[2026-07-10T11:50:00.568765669] 
   ■ org.eclipse.dataspacetck.dsp.verification.cn.ContractNegotiationProvider02Test.cn_02_01

[2026-07-10T11:50:00.568819447]      [CN:02-01: Verify contract request, provider terminated]
[2026-07-10T11:50:00.568873784]      null

[2026-07-10T11:50:00.568926655] 
   ■ org.eclipse.dataspacetck.dsp.verification.cn.ContractNegotiationProvider02Test.cn_02_02

[2026-07-10T11:50:00.568976172]      [CN:02-02: Verify contract request, consumer terminated]
[2026-07-10T11:50:00.569021639]      null

[2026-07-10T11:50:00.569069691] 
   ■ org.eclipse.dataspacetck.dsp.verification.cn.ContractNegotiationProvider02Test.cn_02_03

[2026-07-10T11:50:00.569122701]      [CN:02-03: Verify contract request, provider agreement, consumer terminated]
[2026-07-10T11:50:00.569168726]      null

[2026-07-10T11:50:00.569227184] 
   ■ org.eclipse.dataspacetck.dsp.verification.cn.ContractNegotiationProvider02Test.cn_02_04

[2026-07-10T11:50:00.569295838]      [CN:02-04: Verify contract request, offer received, consumer terminated]
[2026-07-10T11:50:00.569336416]      null

[2026-07-10T11:50:00.569410868] 
   ■ org.eclipse.dataspacetck.dsp.verification.cn.ContractNegotiationProvider02Test.cn_02_05

[2026-07-10T11:50:00.569451446]      [CN:02-05: Verify contract request, offer received, provider terminated]
[2026-07-10T11:50:00.56948951]      null

[2026-07-10T11:50:00.569544894] 
   ■ org.eclipse.dataspacetck.dsp.verification.cn.ContractNegotiationProvider02Test.cn_02_06

[2026-07-10T11:50:00.569597904]      [CN:02-06: Verify contract request, offer received, consumer accepted, provider terminated]
[2026-07-10T11:50:00.569628914]      null

[2026-07-10T11:50:00.569673543] 
   ■ org.eclipse.dataspacetck.dsp.verification.cn.ContractNegotiationProvider02Test.cn_02_07

[2026-07-10T11:50:00.569724807]      [CN:02-07: Verify contract request, provider agreement, consumer verified, provider terminated]
[2026-07-10T11:50:00.569764896]      null

[2026-07-10T11:50:00.56980729] 
   ■ org.eclipse.dataspacetck.dsp.verification.cn.ContractNegotiationProvider01Test.cn_01_01

[2026-07-10T11:50:00.569858414]      [CN:01-01: Verify contract request, offer received, consumer terminated]
[2026-07-10T11:50:00.569898782]      null

[2026-07-10T11:50:00.569950465] 
   ■ org.eclipse.dataspacetck.dsp.verification.cn.ContractNegotiationProvider01Test.cn_01_02

[2026-07-10T11:50:00.570002148]      [CN:01-02: Verify contract request, offer received, consumer counter-offer, provider terminated]
[2026-07-10T11:50:00.570047126]      null

[2026-07-10T11:50:00.570112428] 
   ■ org.eclipse.dataspacetck.dsp.verification.cn.ContractNegotiationProvider01Test.cn_01_03

[2026-07-10T11:50:00.570166276]      [CN:01-03: Verify contract request, offer received, consumer accepted, provider agreement, consumer verified, provider finalized]
[2026-07-10T11:50:00.570216283]      null

[2026-07-10T11:50:00.570265522] 
   ■ org.eclipse.dataspacetck.dsp.verification.cn.ContractNegotiationProvider01Test.cn_01_04

[2026-07-10T11:50:00.570315179]      [CN:01-04: Verify contract request, provider agreement, consumer verified, provider finalized]
[2026-07-10T11:50:00.570368189]      null

[2026-07-10T11:50:00.570418615] 
   ■ org.eclipse.dataspacetck.dsp.verification.tp.TransferProcessConsumer01Test.tp_c_01_01

[2026-07-10T11:50:00.570472463]      [TP_C:01-01: Verify transfer request, provider started, provider terminated]
[2026-07-10T11:50:00.570514508]      null

[2026-07-10T11:50:00.570563257] 
   ■ org.eclipse.dataspacetck.dsp.verification.tp.TransferProcessConsumer01Test.tp_c_01_02

[2026-07-10T11:50:00.570613264]      [TP_C:01-02: Verify transfer request, provider started, provider completed]
[2026-07-10T11:50:00.570656286]      null

[2026-07-10T11:50:00.570704338] 
   ■ org.eclipse.dataspacetck.dsp.verification.tp.TransferProcessConsumer01Test.tp_c_01_03

[2026-07-10T11:50:00.570755741]      [TP_C:01-03: Verify transfer request, provider started, provider suspended, provider terminated]
[2026-07-10T11:50:00.570799881]      null

[2026-07-10T11:50:00.57084905] 
   ■ org.eclipse.dataspacetck.dsp.verification.tp.TransferProcessConsumer01Test.tp_c_01_04

[2026-07-10T11:50:00.570940682]      [TP_C:01-04: Verify transfer request, provider started, provider suspended, provider started, provider completed]
[2026-07-10T11:50:00.570983425]      null

[2026-07-10T11:50:00.571036296] 
   ■ org.eclipse.dataspacetck.dsp.verification.tp.TransferProcessConsumer01Test.tp_c_01_05

[2026-07-10T11:50:00.57108728]      [TP_C:01-05: Verify transfer request, provider terminated]
[2026-07-10T11:50:00.571138404]      null

[2026-07-10T11:50:00.57118883] 
   ■ org.eclipse.dataspacetck.dsp.verification.cn.ContractNegotiationConsumer03Test.cn_c_03_01

[2026-07-10T11:50:00.571240303]      [CN_C:03-01: Verify contract request, invalid provider finalized]
[2026-07-10T11:50:00.571284513]      null

[2026-07-10T11:50:00.571332076] 
   ■ org.eclipse.dataspacetck.dsp.verification.cn.ContractNegotiationConsumer03Test.cn_c_03_02

[2026-07-10T11:50:00.571402686]      [CN_C:03-02: Verify contract request, offer received, invalid provider agreed]
[2026-07-10T11:50:00.571461283]      null

[2026-07-10T11:50:00.571511918] 
   ■ org.eclipse.dataspacetck.dsp.verification.cn.ContractNegotiationConsumer03Test.cn_c_03_03

[2026-07-10T11:50:00.571560179]      [CN_C:03-03: Verify contract request, offer received, invalid provider finalized]
[2026-07-10T11:50:00.571599639]      null

[2026-07-10T11:50:00.571652649] 
   ■ org.eclipse.dataspacetck.dsp.verification.cn.ContractNegotiationConsumer03Test.cn_c_03_04

[2026-07-10T11:50:00.571698326]      [CN_C:03-04: Verify contract request, offer received, consumer accepted, invalid provider finalized]
[2026-07-10T11:50:00.571736599]      null

[2026-07-10T11:50:00.571789889] 
   ■ org.eclipse.dataspacetck.dsp.verification.cn.ContractNegotiationConsumer03Test.cn_c_03_05

[2026-07-10T11:50:00.571837311]      [CN_C:03-05: Verify contract request, offer received, consumer accepted, invalid provider offer]
[2026-07-10T11:50:00.571876911]      null

[2026-07-10T11:50:00.571922099] 
   ■ org.eclipse.dataspacetck.dsp.verification.cn.ContractNegotiationConsumer03Test.cn_c_03_06

[2026-07-10T11:50:00.571966588]      [CN_C:03-06: Verify contract request, offer received, consumer accepted, provider agreed, invalid provider finalized]
[2026-07-10T11:50:00.572006538]      null

[2026-07-10T11:50:00.572056754] 
   ■ org.eclipse.dataspacetck.dsp.verification.tp.TransferProcessProvider02Test.tp_02_01

[2026-07-10T11:50:00.572110881]      [TP:02-01: Verify transfer request, provider started, consumer terminated]
[2026-07-10T11:50:00.572159142]      null

[2026-07-10T11:50:00.572215295] 
   ■ org.eclipse.dataspacetck.dsp.verification.tp.TransferProcessProvider02Test.tp_02_02

[2026-07-10T11:50:00.572270121]      [TP:02-02: Verify transfer request, provider started, consumer completed]
[2026-07-10T11:50:00.572310699]      null

[2026-07-10T11:50:00.57236329] 
   ■ org.eclipse.dataspacetck.dsp.verification.tp.TransferProcessProvider02Test.tp_02_03

[2026-07-10T11:50:00.572412458]      [TP:02-03: Verify transfer request, provider started, consumer suspended, consumer terminated]
[2026-07-10T11:50:00.572451989]      null

[2026-07-10T11:50:00.572496268] 
   ■ org.eclipse.dataspacetck.dsp.verification.tp.TransferProcessProvider02Test.tp_02_05

[2026-07-10T11:50:00.57253985]      [TP:02-05: Verify transfer request, consumer terminated]
[2026-07-10T11:50:00.572577005]      null

[2026-07-10T11:50:00.572622333] 
   ■ org.eclipse.dataspacetck.dsp.verification.tp.TransferProcessProvider01Test.tp_01_01

[2026-07-10T11:50:00.572670105]      [TP:01-01: Verify transfer request, provider started, provider terminated]
[2026-07-10T11:50:00.572708657]      null

[2026-07-10T11:50:00.5727558] 
   ■ org.eclipse.dataspacetck.dsp.verification.tp.TransferProcessProvider01Test.tp_01_02

[2026-07-10T11:50:00.57280874]      [TP:01-02: Verify transfer request, provider started, provider completed]
[2026-07-10T11:50:00.572847712]      null

[2026-07-10T11:50:00.572891852] 
   ■ org.eclipse.dataspacetck.dsp.verification.tp.TransferProcessProvider01Test.tp_01_03

[2026-07-10T11:50:00.572937668]      [TP:01-03: Verify transfer request, provider started, provider suspended, provider terminated]
[2026-07-10T11:50:00.572974335]      null

[2026-07-10T11:50:00.573016869] 
   ■ org.eclipse.dataspacetck.dsp.verification.tp.TransferProcessProvider01Test.tp_01_04

[2026-07-10T11:50:00.573063523]      [TP:01-04: Verify transfer request, provider started, provider suspended, provider started, provider completed]
[2026-07-10T11:50:00.573117092]      null

[2026-07-10T11:50:00.573163537] 
   ■ org.eclipse.dataspacetck.dsp.verification.tp.TransferProcessProvider01Test.tp_01_05

[2026-07-10T11:50:00.573209353]      [TP:01-05: Verify transfer request, provider terminated]
[2026-07-10T11:50:00.573245671]      null

[2026-07-10T11:50:00.573294211] 
   ■ org.eclipse.dataspacetck.dsp.verification.tp.TransferProcessConsumer03Test.tp_c_03_01

[2026-07-10T11:50:00.573366218]      [TP_C:03-01: Verify transfer request, provider completed]
[2026-07-10T11:50:00.573412732]      null

[2026-07-10T11:50:00.573459247] 
   ■ org.eclipse.dataspacetck.dsp.verification.tp.TransferProcessConsumer03Test.tp_c_03_02

[2026-07-10T11:50:00.573503736]      [TP_C:03-02: Verify transfer request, provider suspended]
[2026-07-10T11:50:00.573542289]      null

[2026-07-10T11:50:00.573587546] 
   ■ org.eclipse.dataspacetck.dsp.verification.tp.TransferProcessConsumer03Test.tp_c_03_03

[2026-07-10T11:50:00.573632524]      [TP_C:03-03: Verify transfer request, provider started, provider suspended, provider completed]
[2026-07-10T11:50:00.57367408]      null

[2026-07-10T11:50:00.57372702] 
   ■ org.eclipse.dataspacetck.dsp.verification.tp.TransferProcessConsumer03Test.tp_c_03_04

[2026-07-10T11:50:00.573777027]      [TP_C:03-04: Verify transfer request, provider started, provider terminated, provider started]
[2026-07-10T11:50:00.573818094]      null

[2026-07-10T11:50:00.573869498] 
   ■ org.eclipse.dataspacetck.dsp.verification.tp.TransferProcessConsumer03Test.tp_c_03_05

[2026-07-10T11:50:00.57394353]      [TP_C:03-05: Verify transfer request, provider started, provider terminated, provider suspended]
[2026-07-10T11:50:00.573997867]      null

[2026-07-10T11:50:00.574058489] 
   ■ org.eclipse.dataspacetck.dsp.verification.tp.TransferProcessConsumer03Test.tp_c_03_06

[2026-07-10T11:50:00.574134826]      [TP_C:03-06: Verify transfer request, provider started, provider terminated, provider completed]
[2026-07-10T11:50:00.574193284]      null

[2026-07-10T11:50:00.574254815] 
   ■ org.eclipse.dataspacetck.dsp.verification.cn.ContractNegotiationConsumer02Test.cn_c_02_01

[2026-07-10T11:50:00.574323469]      [CN_C:02-01: Verify contract request, provider terminated]
[2026-07-10T11:50:00.574396105]      null

[2026-07-10T11:50:00.574461686] 
   ■ org.eclipse.dataspacetck.dsp.verification.cn.ContractNegotiationConsumer02Test.cn_c_02_02

[2026-07-10T11:50:00.574523496]      [CN_C:02-02: Verify contract request, consumer terminated]
[2026-07-10T11:50:00.574571198]      null

[2026-07-10T11:50:00.574713605] 
   ■ org.eclipse.dataspacetck.dsp.verification.cn.ContractNegotiationConsumer02Test.cn_c_02_03

[2026-07-10T11:50:00.574779187]      [CN_C:02-03: Verify contract request, provider agreement, consumer terminated]
[2026-07-10T11:50:00.574823047]      null

[2026-07-10T11:50:00.574892191] 
   ■ org.eclipse.dataspacetck.dsp.verification.cn.ContractNegotiationConsumer02Test.cn_c_02_04

[2026-07-10T11:50:00.57495456]      [CN_C:02-04: Verify contract request, offer received, provider terminated]
[2026-07-10T11:50:00.574993392]      null

[2026-07-10T11:50:00.575037322] 
   ■ org.eclipse.dataspacetck.dsp.verification.cn.ContractNegotiationConsumer02Test.cn_c_02_05

[2026-07-10T11:50:00.575088237]      [CN_C:02-05: Verify contract request, offer received, consumer accepted, provider terminated]
[2026-07-10T11:50:00.575122599]      null

[2026-07-10T11:50:00.575165621] 
   ■ org.eclipse.dataspacetck.dsp.verification.cn.ContractNegotiationConsumer02Test.cn_c_02_06

[2026-07-10T11:50:00.575243146]      [CN_C:02-06: Verify contract request, provider agreement, consumer verified, provider terminated]
[2026-07-10T11:50:00.575288403]      null

[2026-07-10T11:50:00.575340435] 
   ■ org.eclipse.dataspacetck.dsp.verification.metadata.Metadata01Test.cat_01_01

[2026-07-10T11:50:00.575410976]      [MET:01-01: Verify metadata request]
[2026-07-10T11:50:00.575463427]      Unexpected 404 received for request: http://host.docker.internal:8090/api/v1/.well-known/dspace-version

[2026-07-10T11:50:00.57554605] 
   ■ org.eclipse.dataspacetck.dsp.verification.cn.ContractNegotiationProvider03Test.cn_03_01

[2026-07-10T11:50:00.57559892]      [CN:03-01: Verify contract request, provider agreement, consumer verified, provider finalized, invalid consumer terminated]
[2026-07-10T11:50:00.575644387]      null

[2026-07-10T11:50:00.575703962] 
   ■ org.eclipse.dataspacetck.dsp.verification.cn.ContractNegotiationProvider03Test.cn_03_02

[2026-07-10T11:50:00.575760045]      [CN:03-02: Verify contract request, offer received, invalid consumer verified]
[2026-07-10T11:50:00.575800344]      null

[2026-07-10T11:50:00.575869557] 
   ■ org.eclipse.dataspacetck.dsp.verification.cn.ContractNegotiationProvider03Test.cn_03_03

[2026-07-10T11:50:00.575915792]      [CN:03-03: Verify contract request, offer received, consumer accepted, illegal consumer verified]
[2026-07-10T11:50:00.57594338]      null

[2026-07-10T11:50:00.575980535] 
   ■ org.eclipse.dataspacetck.dsp.verification.cn.ContractNegotiationProvider03Test.cn_03_04

[2026-07-10T11:50:00.576021882]      [CN:03-04: Verify contract request, offer received, consumer counter-offer (x2), provider terminated]
[2026-07-10T11:50:00.576047444]      null

[0m
[0m
[2026-07-10T11:50:00.576102339] Test run complete
